2021-11-05 14:53:20,122 - extension.py[line:189] - DEBUG: found extension EntryPoint.parse('fake = oslo_messaging._drivers.impl_fake:FakeDriver')
2021-11-05 14:53:20,122 - extension.py[line:189] - DEBUG: found extension EntryPoint.parse('kafka = oslo_messaging._drivers.impl_kafka:KafkaDriver')
2021-11-05 14:53:20,122 - extension.py[line:189] - DEBUG: found extension EntryPoint.parse('rabbit = oslo_messaging._drivers.impl_rabbit:RabbitDriver')
2021-11-05 14:53:20,298 - extension.py[line:189] - DEBUG: found extension EntryPoint.parse('kombu = oslo_messaging._drivers.impl_rabbit:RabbitDriver')
2021-11-05 14:53:20,298 - extension.py[line:189] - DEBUG: found extension EntryPoint.parse('amqp = oslo_messaging._drivers.impl_amqp1:ProtonDriver')
2021-11-05 14:53:22,786 - _internal.py[line:122] - INFO:  * Running on http://0.0.0.0:5000/ (Press CTRL+C to quit)
2021-11-05 14:53:30,189 - pool.py[line:143] - DEBUG: Pool creating new connection
2021-11-05 14:53:30,200 - impl_rabbit.py[line:529] - DEBUG: [bbd03946-87f2-4f83-ab83-85d7c6cc1bc7] Connecting to AMQP server on 192.168.19.160:5672
2021-11-05 14:53:31,208 - impl_rabbit.py[line:658] - ERROR: Connection failed: [WinError 10061] 由于目标计算机积极拒绝，无法连接。 (retrying in 2.0 seconds)
2021-11-05 14:53:34,224 - impl_rabbit.py[line:658] - ERROR: Connection failed: [WinError 10061] 由于目标计算机积极拒绝，无法连接。 (retrying in 4.0 seconds)
2021-11-05 14:53:39,234 - impl_rabbit.py[line:658] - ERROR: Connection failed: [WinError 10061] 由于目标计算机积极拒绝，无法连接。 (retrying in 6.0 seconds)
2021-11-05 14:53:46,254 - impl_rabbit.py[line:658] - ERROR: Connection failed: [WinError 10061] 由于目标计算机积极拒绝，无法连接。 (retrying in 8.0 seconds)
2021-11-05 14:53:55,274 - impl_rabbit.py[line:658] - ERROR: Connection failed: [WinError 10061] 由于目标计算机积极拒绝，无法连接。 (retrying in 10.0 seconds)
2021-11-05 14:54:06,298 - impl_rabbit.py[line:658] - ERROR: Connection failed: [WinError 10061] 由于目标计算机积极拒绝，无法连接。 (retrying in 12.0 seconds)
2021-11-05 14:54:19,315 - impl_rabbit.py[line:658] - ERROR: Connection failed: [WinError 10061] 由于目标计算机积极拒绝，无法连接。 (retrying in 14.0 seconds)
2021-11-05 14:54:34,337 - impl_rabbit.py[line:658] - ERROR: Connection failed: [WinError 10061] 由于目标计算机积极拒绝，无法连接。 (retrying in 16.0 seconds)
2021-11-05 14:54:51,362 - impl_rabbit.py[line:658] - ERROR: Connection failed: [WinError 10061] 由于目标计算机积极拒绝，无法连接。 (retrying in 18.0 seconds)
2021-11-05 14:55:08,670 - extension.py[line:189] - DEBUG: found extension EntryPoint.parse('amqp = oslo_messaging._drivers.impl_amqp1:ProtonDriver')
2021-11-05 14:55:08,671 - extension.py[line:189] - DEBUG: found extension EntryPoint.parse('kafka = oslo_messaging._drivers.impl_kafka:KafkaDriver')
2021-11-05 14:55:08,671 - extension.py[line:189] - DEBUG: found extension EntryPoint.parse('kombu = oslo_messaging._drivers.impl_rabbit:RabbitDriver')
2021-11-05 14:55:08,671 - extension.py[line:189] - DEBUG: found extension EntryPoint.parse('rabbit = oslo_messaging._drivers.impl_rabbit:RabbitDriver')
2021-11-05 14:55:08,847 - extension.py[line:189] - DEBUG: found extension EntryPoint.parse('fake = oslo_messaging._drivers.impl_fake:FakeDriver')
2021-11-05 14:55:10,317 - _internal.py[line:122] - INFO:  * Running on http://0.0.0.0:5000/ (Press CTRL+C to quit)
2021-11-05 14:55:10,451 - pool.py[line:143] - DEBUG: Pool creating new connection
2021-11-05 14:55:10,462 - impl_rabbit.py[line:529] - DEBUG: [b49951f5-01d3-4991-8209-57e7c34d4a5f] Connecting to AMQP server on 192.168.19.160:5672
2021-11-05 14:55:10,479 - connection.py[line:376] - DEBUG: Start from server, version: 0.9, properties: {'capabilities': {'authentication_failure_close': True, 'direct_reply_to': True, 'consumer_cancel_notify': True, 'per_consumer_qos': True, 'publisher_confirms': True, 'consumer_priorities': True, 'connection.blocked': True, 'basic.nack': True, 'exchange_exchange_bindings': True}, 'copyright': 'Copyright (C) 2007-2019 Pivotal Software, Inc.', 'information': 'Licensed under the MPL.  See https://www.rabbitmq.com/', 'cluster_name': 'rabbit@rabbitmq1', 'product': 'RabbitMQ', 'version': '3.7.16', 'platform': 'Erlang/OTP 22.0.7'}, mechanisms: [b'PLAIN', b'AMQPLAIN'], locales: ['en_US']
2021-11-05 14:55:10,481 - channel.py[line:105] - DEBUG: using channel_id: 1
2021-11-05 14:55:10,483 - channel.py[line:446] - DEBUG: Channel open
2021-11-05 14:55:10,483 - impl_rabbit.py[line:558] - DEBUG: [b49951f5-01d3-4991-8209-57e7c34d4a5f] Connected to AMQP server on 192.168.19.160:5672 via [amqp] client with port 9826.
2021-11-05 14:55:10,484 - impl_rabbit.py[line:247] - DEBUG: [b49951f5-01d3-4991-8209-57e7c34d4a5f] Queue.declare: reply_02eb4a48587e4a5bb8e2f8b913c080de
2021-11-05 14:55:10,495 - pool.py[line:143] - DEBUG: Pool creating new connection
2021-11-05 14:55:10,495 - connection.py[line:712] - DEBUG: heartbeat_tick : for connection 3e3e81ce70234ff6b702be07255a8c42
2021-11-05 14:55:10,496 - connection.py[line:734] - DEBUG: heartbeat_tick : Prev sent/recv: None/None, now - 8/8, monotonic - 367311.75, last_heartbeat_sent - 367311.75, heartbeat int. - 60 for connection 3e3e81ce70234ff6b702be07255a8c42
2021-11-05 14:55:10,498 - impl_rabbit.py[line:529] - DEBUG: [c9da82ae-6f64-4e66-af38-888eb9daf000] Connecting to AMQP server on 192.168.19.160:5672
2021-11-05 14:55:10,504 - connection.py[line:712] - DEBUG: heartbeat_tick : for connection 3e3e81ce70234ff6b702be07255a8c42
2021-11-05 14:55:10,504 - connection.py[line:734] - DEBUG: heartbeat_tick : Prev sent/recv: 8/8, now - 8/8, monotonic - 367311.765, last_heartbeat_sent - 367311.75, heartbeat int. - 60 for connection 3e3e81ce70234ff6b702be07255a8c42
2021-11-05 14:55:10,506 - connection.py[line:376] - DEBUG: Start from server, version: 0.9, properties: {'capabilities': {'authentication_failure_close': True, 'direct_reply_to': True, 'consumer_cancel_notify': True, 'per_consumer_qos': True, 'publisher_confirms': True, 'consumer_priorities': True, 'connection.blocked': True, 'basic.nack': True, 'exchange_exchange_bindings': True}, 'copyright': 'Copyright (C) 2007-2019 Pivotal Software, Inc.', 'information': 'Licensed under the MPL.  See https://www.rabbitmq.com/', 'cluster_name': 'rabbit@rabbitmq1', 'product': 'RabbitMQ', 'version': '3.7.16', 'platform': 'Erlang/OTP 22.0.7'}, mechanisms: [b'PLAIN', b'AMQPLAIN'], locales: ['en_US']
2021-11-05 14:55:10,508 - channel.py[line:105] - DEBUG: using channel_id: 1
2021-11-05 14:55:10,510 - channel.py[line:446] - DEBUG: Channel open
2021-11-05 14:55:10,510 - connection.py[line:712] - DEBUG: heartbeat_tick : for connection 3e3a7a77f7ba49a68a0333a507eba94b
2021-11-05 14:55:10,510 - impl_rabbit.py[line:558] - DEBUG: [c9da82ae-6f64-4e66-af38-888eb9daf000] Connected to AMQP server on 192.168.19.160:5672 via [amqp] client with port 9827.
2021-11-05 14:55:10,510 - connection.py[line:734] - DEBUG: heartbeat_tick : Prev sent/recv: None/None, now - 4/4, monotonic - 367311.765, last_heartbeat_sent - 367311.765, heartbeat int. - 60 for connection 3e3a7a77f7ba49a68a0333a507eba94b
2021-11-05 14:55:10,510 - amqpdriver.py[line:627] - DEBUG: CALL msg_id: 7679c405bddb4229b25f745327e80072 exchange 'openstack' topic 'test_topic'
2021-11-05 14:55:10,535 - amqpdriver.py[line:472] - DEBUG: received reply msg_id: 7679c405bddb4229b25f745327e80072
2021-11-05 14:55:10,535 - connection.py[line:712] - DEBUG: heartbeat_tick : for connection 3e3e81ce70234ff6b702be07255a8c42
2021-11-05 14:55:10,536 - amqpdriver.py[line:627] - DEBUG: CAST unique_id: 28463d39744c437f9bfbb6a1b7b9cfb5 exchange 'openstack' topic 'test_topic'
2021-11-05 14:55:10,536 - connection.py[line:734] - DEBUG: heartbeat_tick : Prev sent/recv: 8/8, now - 9/11, monotonic - 367311.796, last_heartbeat_sent - 367311.796, heartbeat int. - 60 for connection 3e3e81ce70234ff6b702be07255a8c42
2021-11-05 14:55:10,537 - connection.py[line:712] - DEBUG: heartbeat_tick : for connection 3e3e81ce70234ff6b702be07255a8c42
2021-11-05 14:55:10,537 - connection.py[line:734] - DEBUG: heartbeat_tick : Prev sent/recv: 9/11, now - 9/11, monotonic - 367311.796, last_heartbeat_sent - 367311.796, heartbeat int. - 60 for connection 3e3e81ce70234ff6b702be07255a8c42
2021-11-05 14:55:10,539 - connection.py[line:712] - DEBUG: heartbeat_tick : for connection 3e3e81ce70234ff6b702be07255a8c42
2021-11-05 14:55:10,546 - _internal.py[line:122] - INFO: 127.0.0.1 - - [05/Nov/2021 14:55:10] "GET / HTTP/1.1" 200 -
2021-11-05 14:55:10,546 - connection.py[line:734] - DEBUG: heartbeat_tick : Prev sent/recv: 9/11, now - 9/11, monotonic - 367311.796, last_heartbeat_sent - 367311.796, heartbeat int. - 60 for connection 3e3e81ce70234ff6b702be07255a8c42
2021-11-05 14:55:10,548 - connection.py[line:712] - DEBUG: heartbeat_tick : for connection 3e3e81ce70234ff6b702be07255a8c42
2021-11-05 14:55:10,548 - connection.py[line:734] - DEBUG: heartbeat_tick : Prev sent/recv: 9/11, now - 9/11, monotonic - 367311.812, last_heartbeat_sent - 367311.796, heartbeat int. - 60 for connection 3e3e81ce70234ff6b702be07255a8c42
2021-11-05 14:55:11,549 - connection.py[line:712] - DEBUG: heartbeat_tick : for connection 3e3e81ce70234ff6b702be07255a8c42
2021-11-05 14:55:11,549 - connection.py[line:734] - DEBUG: heartbeat_tick : Prev sent/recv: 9/11, now - 9/11, monotonic - 367312.812, last_heartbeat_sent - 367311.796, heartbeat int. - 60 for connection 3e3e81ce70234ff6b702be07255a8c42
2021-11-05 14:55:13,550 - connection.py[line:712] - DEBUG: heartbeat_tick : for connection 3e3e81ce70234ff6b702be07255a8c42
2021-11-05 14:55:13,550 - connection.py[line:734] - DEBUG: heartbeat_tick : Prev sent/recv: 9/11, now - 9/11, monotonic - 367314.812, last_heartbeat_sent - 367311.796, heartbeat int. - 60 for connection 3e3e81ce70234ff6b702be07255a8c42
2021-11-05 14:55:17,550 - connection.py[line:712] - DEBUG: heartbeat_tick : for connection 3e3e81ce70234ff6b702be07255a8c42
2021-11-05 14:55:17,550 - connection.py[line:734] - DEBUG: heartbeat_tick : Prev sent/recv: 9/11, now - 9/11, monotonic - 367318.812, last_heartbeat_sent - 367311.796, heartbeat int. - 60 for connection 3e3e81ce70234ff6b702be07255a8c42
2021-11-05 14:55:25,512 - connection.py[line:712] - DEBUG: heartbeat_tick : for connection 3e3a7a77f7ba49a68a0333a507eba94b
2021-11-05 14:55:25,512 - connection.py[line:734] - DEBUG: heartbeat_tick : Prev sent/recv: 4/4, now - 8/8, monotonic - 367326.765, last_heartbeat_sent - 367326.765, heartbeat int. - 60 for connection 3e3a7a77f7ba49a68a0333a507eba94b
2021-11-05 14:55:25,551 - connection.py[line:712] - DEBUG: heartbeat_tick : for connection 3e3e81ce70234ff6b702be07255a8c42
2021-11-05 14:55:25,551 - connection.py[line:734] - DEBUG: heartbeat_tick : Prev sent/recv: 9/11, now - 9/11, monotonic - 367326.812, last_heartbeat_sent - 367311.796, heartbeat int. - 60 for connection 3e3e81ce70234ff6b702be07255a8c42
2021-11-05 14:55:40,080 - extension.py[line:189] - DEBUG: found extension EntryPoint.parse('kafka = oslo_messaging._drivers.impl_kafka:KafkaDriver')
2021-11-05 14:55:40,081 - extension.py[line:189] - DEBUG: found extension EntryPoint.parse('rabbit = oslo_messaging._drivers.impl_rabbit:RabbitDriver')
2021-11-05 14:55:40,265 - extension.py[line:189] - DEBUG: found extension EntryPoint.parse('kombu = oslo_messaging._drivers.impl_rabbit:RabbitDriver')
2021-11-05 14:55:40,266 - extension.py[line:189] - DEBUG: found extension EntryPoint.parse('amqp = oslo_messaging._drivers.impl_amqp1:ProtonDriver')
2021-11-05 14:55:40,266 - extension.py[line:189] - DEBUG: found extension EntryPoint.parse('fake = oslo_messaging._drivers.impl_fake:FakeDriver')
2021-11-05 14:55:41,732 - _internal.py[line:122] - INFO:  * Running on http://0.0.0.0:5000/ (Press CTRL+C to quit)
2021-11-05 14:55:44,838 - pool.py[line:143] - DEBUG: Pool creating new connection
2021-11-05 14:55:44,848 - impl_rabbit.py[line:529] - DEBUG: [6ed0d477-654b-4f28-bfec-0ef52ff35a6a] Connecting to AMQP server on 192.168.19.160:5672
2021-11-05 14:55:44,864 - connection.py[line:376] - DEBUG: Start from server, version: 0.9, properties: {'cluster_name': 'rabbit@rabbitmq1', 'version': '3.7.16', 'product': 'RabbitMQ', 'information': 'Licensed under the MPL.  See https://www.rabbitmq.com/', 'copyright': 'Copyright (C) 2007-2019 Pivotal Software, Inc.', 'capabilities': {'exchange_exchange_bindings': True, 'per_consumer_qos': True, 'publisher_confirms': True, 'basic.nack': True, 'consumer_cancel_notify': True, 'consumer_priorities': True, 'authentication_failure_close': True, 'direct_reply_to': True, 'connection.blocked': True}, 'platform': 'Erlang/OTP 22.0.7'}, mechanisms: [b'PLAIN', b'AMQPLAIN'], locales: ['en_US']
2021-11-05 14:55:44,866 - channel.py[line:105] - DEBUG: using channel_id: 1
2021-11-05 14:55:44,867 - channel.py[line:446] - DEBUG: Channel open
2021-11-05 14:55:44,867 - impl_rabbit.py[line:558] - DEBUG: [6ed0d477-654b-4f28-bfec-0ef52ff35a6a] Connected to AMQP server on 192.168.19.160:5672 via [amqp] client with port 9837.
2021-11-05 14:55:44,868 - impl_rabbit.py[line:247] - DEBUG: [6ed0d477-654b-4f28-bfec-0ef52ff35a6a] Queue.declare: reply_27bbe10c96b14025bc8476b7800b872d
2021-11-05 14:55:44,876 - pool.py[line:143] - DEBUG: Pool creating new connection
2021-11-05 14:55:44,877 - connection.py[line:712] - DEBUG: heartbeat_tick : for connection 8faf2ac8c9f8482ca91bdc9da1fa9427
2021-11-05 14:55:44,877 - connection.py[line:734] - DEBUG: heartbeat_tick : Prev sent/recv: None/None, now - 8/8, monotonic - 367346.14, last_heartbeat_sent - 367346.14, heartbeat int. - 60 for connection 8faf2ac8c9f8482ca91bdc9da1fa9427
2021-11-05 14:55:44,879 - connection.py[line:712] - DEBUG: heartbeat_tick : for connection 8faf2ac8c9f8482ca91bdc9da1fa9427
2021-11-05 14:55:44,879 - connection.py[line:734] - DEBUG: heartbeat_tick : Prev sent/recv: 8/8, now - 8/8, monotonic - 367346.14, last_heartbeat_sent - 367346.14, heartbeat int. - 60 for connection 8faf2ac8c9f8482ca91bdc9da1fa9427
2021-11-05 14:55:44,879 - impl_rabbit.py[line:529] - DEBUG: [f04e3503-dff1-44b9-b540-71e9bb597ed6] Connecting to AMQP server on 192.168.19.160:5672
2021-11-05 14:55:44,884 - connection.py[line:712] - DEBUG: heartbeat_tick : for connection 8faf2ac8c9f8482ca91bdc9da1fa9427
2021-11-05 14:55:44,884 - connection.py[line:734] - DEBUG: heartbeat_tick : Prev sent/recv: 8/8, now - 8/8, monotonic - 367346.14, last_heartbeat_sent - 367346.14, heartbeat int. - 60 for connection 8faf2ac8c9f8482ca91bdc9da1fa9427
2021-11-05 14:55:44,886 - connection.py[line:712] - DEBUG: heartbeat_tick : for connection 8faf2ac8c9f8482ca91bdc9da1fa9427
2021-11-05 14:55:44,886 - connection.py[line:734] - DEBUG: heartbeat_tick : Prev sent/recv: 8/8, now - 8/8, monotonic - 367346.14, last_heartbeat_sent - 367346.14, heartbeat int. - 60 for connection 8faf2ac8c9f8482ca91bdc9da1fa9427
2021-11-05 14:55:44,887 - connection.py[line:712] - DEBUG: heartbeat_tick : for connection 8faf2ac8c9f8482ca91bdc9da1fa9427
2021-11-05 14:55:44,887 - connection.py[line:734] - DEBUG: heartbeat_tick : Prev sent/recv: 8/8, now - 8/8, monotonic - 367346.14, last_heartbeat_sent - 367346.14, heartbeat int. - 60 for connection 8faf2ac8c9f8482ca91bdc9da1fa9427
2021-11-05 14:55:44,889 - connection.py[line:712] - DEBUG: heartbeat_tick : for connection 8faf2ac8c9f8482ca91bdc9da1fa9427
2021-11-05 14:55:44,889 - connection.py[line:734] - DEBUG: heartbeat_tick : Prev sent/recv: 8/8, now - 8/8, monotonic - 367346.14, last_heartbeat_sent - 367346.14, heartbeat int. - 60 for connection 8faf2ac8c9f8482ca91bdc9da1fa9427
2021-11-05 14:55:44,890 - connection.py[line:712] - DEBUG: heartbeat_tick : for connection 8faf2ac8c9f8482ca91bdc9da1fa9427
2021-11-05 14:55:44,890 - connection.py[line:734] - DEBUG: heartbeat_tick : Prev sent/recv: 8/8, now - 8/8, monotonic - 367346.14, last_heartbeat_sent - 367346.14, heartbeat int. - 60 for connection 8faf2ac8c9f8482ca91bdc9da1fa9427
2021-11-05 14:55:44,891 - connection.py[line:712] - DEBUG: heartbeat_tick : for connection 8faf2ac8c9f8482ca91bdc9da1fa9427
2021-11-05 14:55:44,891 - connection.py[line:734] - DEBUG: heartbeat_tick : Prev sent/recv: 8/8, now - 8/8, monotonic - 367346.156, last_heartbeat_sent - 367346.14, heartbeat int. - 60 for connection 8faf2ac8c9f8482ca91bdc9da1fa9427
2021-11-05 14:55:44,895 - connection.py[line:376] - DEBUG: Start from server, version: 0.9, properties: {'cluster_name': 'rabbit@rabbitmq1', 'version': '3.7.16', 'product': 'RabbitMQ', 'information': 'Licensed under the MPL.  See https://www.rabbitmq.com/', 'copyright': 'Copyright (C) 2007-2019 Pivotal Software, Inc.', 'capabilities': {'exchange_exchange_bindings': True, 'per_consumer_qos': True, 'publisher_confirms': True, 'basic.nack': True, 'consumer_cancel_notify': True, 'consumer_priorities': True, 'authentication_failure_close': True, 'direct_reply_to': True, 'connection.blocked': True}, 'platform': 'Erlang/OTP 22.0.7'}, mechanisms: [b'PLAIN', b'AMQPLAIN'], locales: ['en_US']
2021-11-05 14:55:44,897 - channel.py[line:105] - DEBUG: using channel_id: 1
2021-11-05 14:55:44,898 - channel.py[line:446] - DEBUG: Channel open
2021-11-05 14:55:44,898 - connection.py[line:712] - DEBUG: heartbeat_tick : for connection f4687efc9b114f0ab67a377b8e126872
2021-11-05 14:55:44,898 - connection.py[line:734] - DEBUG: heartbeat_tick : Prev sent/recv: None/None, now - 4/4, monotonic - 367346.156, last_heartbeat_sent - 367346.156, heartbeat int. - 60 for connection f4687efc9b114f0ab67a377b8e126872
2021-11-05 14:55:44,898 - impl_rabbit.py[line:558] - DEBUG: [f04e3503-dff1-44b9-b540-71e9bb597ed6] Connected to AMQP server on 192.168.19.160:5672 via [amqp] client with port 9838.
2021-11-05 14:55:44,898 - amqpdriver.py[line:627] - DEBUG: CALL msg_id: 0a84dcd6aa234d1184f0fe8438ef5b8a exchange 'openstack' topic 'test_topic'
2021-11-05 14:55:44,904 - amqpdriver.py[line:472] - DEBUG: received reply msg_id: 0a84dcd6aa234d1184f0fe8438ef5b8a
2021-11-05 14:55:44,904 - connection.py[line:712] - DEBUG: heartbeat_tick : for connection 8faf2ac8c9f8482ca91bdc9da1fa9427
2021-11-05 14:55:44,904 - amqpdriver.py[line:627] - DEBUG: CAST unique_id: cc58139e1c0949168ff526102a325efb exchange 'openstack' topic 'test_topic'
2021-11-05 14:55:44,904 - connection.py[line:734] - DEBUG: heartbeat_tick : Prev sent/recv: 8/8, now - 9/11, monotonic - 367346.156, last_heartbeat_sent - 367346.156, heartbeat int. - 60 for connection 8faf2ac8c9f8482ca91bdc9da1fa9427
2021-11-05 14:55:44,906 - connection.py[line:712] - DEBUG: heartbeat_tick : for connection 8faf2ac8c9f8482ca91bdc9da1fa9427
2021-11-05 14:55:44,911 - _internal.py[line:122] - INFO: 127.0.0.1 - - [05/Nov/2021 14:55:44] "GET / HTTP/1.1" 200 -
2021-11-05 14:55:44,911 - connection.py[line:734] - DEBUG: heartbeat_tick : Prev sent/recv: 9/11, now - 9/11, monotonic - 367346.171, last_heartbeat_sent - 367346.156, heartbeat int. - 60 for connection 8faf2ac8c9f8482ca91bdc9da1fa9427
2021-11-05 14:55:44,913 - connection.py[line:712] - DEBUG: heartbeat_tick : for connection 8faf2ac8c9f8482ca91bdc9da1fa9427
2021-11-05 14:55:44,913 - connection.py[line:734] - DEBUG: heartbeat_tick : Prev sent/recv: 9/11, now - 9/11, monotonic - 367346.171, last_heartbeat_sent - 367346.156, heartbeat int. - 60 for connection 8faf2ac8c9f8482ca91bdc9da1fa9427
2021-11-05 14:55:45,913 - connection.py[line:712] - DEBUG: heartbeat_tick : for connection 8faf2ac8c9f8482ca91bdc9da1fa9427
2021-11-05 14:55:45,914 - connection.py[line:734] - DEBUG: heartbeat_tick : Prev sent/recv: 9/11, now - 9/11, monotonic - 367347.171, last_heartbeat_sent - 367346.156, heartbeat int. - 60 for connection 8faf2ac8c9f8482ca91bdc9da1fa9427
2021-11-05 14:55:47,914 - connection.py[line:712] - DEBUG: heartbeat_tick : for connection 8faf2ac8c9f8482ca91bdc9da1fa9427
2021-11-05 14:55:47,914 - connection.py[line:734] - DEBUG: heartbeat_tick : Prev sent/recv: 9/11, now - 9/11, monotonic - 367349.171, last_heartbeat_sent - 367346.156, heartbeat int. - 60 for connection 8faf2ac8c9f8482ca91bdc9da1fa9427
2021-11-05 14:55:51,914 - connection.py[line:712] - DEBUG: heartbeat_tick : for connection 8faf2ac8c9f8482ca91bdc9da1fa9427
2021-11-05 14:55:51,914 - connection.py[line:734] - DEBUG: heartbeat_tick : Prev sent/recv: 9/11, now - 9/11, monotonic - 367353.171, last_heartbeat_sent - 367346.156, heartbeat int. - 60 for connection 8faf2ac8c9f8482ca91bdc9da1fa9427
2021-11-05 14:55:55,195 - extension.py[line:189] - DEBUG: found extension EntryPoint.parse('kafka = oslo_messaging._drivers.impl_kafka:KafkaDriver')
2021-11-05 14:55:55,196 - extension.py[line:189] - DEBUG: found extension EntryPoint.parse('kombu = oslo_messaging._drivers.impl_rabbit:RabbitDriver')
2021-11-05 14:55:55,196 - extension.py[line:189] - DEBUG: found extension EntryPoint.parse('fake = oslo_messaging._drivers.impl_fake:FakeDriver')
2021-11-05 14:55:55,196 - extension.py[line:189] - DEBUG: found extension EntryPoint.parse('amqp = oslo_messaging._drivers.impl_amqp1:ProtonDriver')
2021-11-05 14:55:55,196 - extension.py[line:189] - DEBUG: found extension EntryPoint.parse('rabbit = oslo_messaging._drivers.impl_rabbit:RabbitDriver')
2021-11-05 14:55:56,831 - _internal.py[line:122] - INFO:  * Running on http://0.0.0.0:5000/ (Press CTRL+C to quit)
2021-11-05 14:56:01,043 - pool.py[line:143] - DEBUG: Pool creating new connection
2021-11-05 14:56:01,054 - impl_rabbit.py[line:529] - DEBUG: [8db90a91-1e18-4dce-8e1c-0d452f1d59f2] Connecting to AMQP server on 192.168.19.160:5672
2021-11-05 14:56:01,061 - connection.py[line:376] - DEBUG: Start from server, version: 0.9, properties: {'copyright': 'Copyright (C) 2007-2019 Pivotal Software, Inc.', 'version': '3.7.16', 'information': 'Licensed under the MPL.  See https://www.rabbitmq.com/', 'platform': 'Erlang/OTP 22.0.7', 'product': 'RabbitMQ', 'capabilities': {'direct_reply_to': True, 'consumer_priorities': True, 'basic.nack': True, 'publisher_confirms': True, 'authentication_failure_close': True, 'exchange_exchange_bindings': True, 'connection.blocked': True, 'per_consumer_qos': True, 'consumer_cancel_notify': True}, 'cluster_name': 'rabbit@rabbitmq1'}, mechanisms: [b'PLAIN', b'AMQPLAIN'], locales: ['en_US']
2021-11-05 14:56:01,063 - channel.py[line:105] - DEBUG: using channel_id: 1
2021-11-05 14:56:01,065 - channel.py[line:446] - DEBUG: Channel open
2021-11-05 14:56:01,066 - impl_rabbit.py[line:558] - DEBUG: [8db90a91-1e18-4dce-8e1c-0d452f1d59f2] Connected to AMQP server on 192.168.19.160:5672 via [amqp] client with port 9843.
2021-11-05 14:56:01,066 - impl_rabbit.py[line:247] - DEBUG: [8db90a91-1e18-4dce-8e1c-0d452f1d59f2] Queue.declare: reply_6a7cf6b5410242808185b96f7180ecf2
2021-11-05 14:56:01,104 - pool.py[line:143] - DEBUG: Pool creating new connection
2021-11-05 14:56:01,105 - connection.py[line:712] - DEBUG: heartbeat_tick : for connection 77a5bebec0eb4f2a838f834068713062
2021-11-05 14:56:01,105 - connection.py[line:734] - DEBUG: heartbeat_tick : Prev sent/recv: None/None, now - 8/8, monotonic - 367362.359, last_heartbeat_sent - 367362.359, heartbeat int. - 60 for connection 77a5bebec0eb4f2a838f834068713062
2021-11-05 14:56:01,107 - connection.py[line:712] - DEBUG: heartbeat_tick : for connection 77a5bebec0eb4f2a838f834068713062
2021-11-05 14:56:01,107 - impl_rabbit.py[line:529] - DEBUG: [0d312381-51d1-47ca-8167-4c1742ea92eb] Connecting to AMQP server on 192.168.19.160:5672
2021-11-05 14:56:01,108 - connection.py[line:734] - DEBUG: heartbeat_tick : Prev sent/recv: 8/8, now - 8/8, monotonic - 367362.359, last_heartbeat_sent - 367362.359, heartbeat int. - 60 for connection 77a5bebec0eb4f2a838f834068713062
2021-11-05 14:56:01,114 - connection.py[line:712] - DEBUG: heartbeat_tick : for connection 77a5bebec0eb4f2a838f834068713062
2021-11-05 14:56:01,114 - connection.py[line:734] - DEBUG: heartbeat_tick : Prev sent/recv: 8/8, now - 8/8, monotonic - 367362.375, last_heartbeat_sent - 367362.359, heartbeat int. - 60 for connection 77a5bebec0eb4f2a838f834068713062
2021-11-05 14:56:01,116 - connection.py[line:376] - DEBUG: Start from server, version: 0.9, properties: {'copyright': 'Copyright (C) 2007-2019 Pivotal Software, Inc.', 'version': '3.7.16', 'information': 'Licensed under the MPL.  See https://www.rabbitmq.com/', 'platform': 'Erlang/OTP 22.0.7', 'product': 'RabbitMQ', 'capabilities': {'direct_reply_to': True, 'consumer_priorities': True, 'basic.nack': True, 'publisher_confirms': True, 'authentication_failure_close': True, 'exchange_exchange_bindings': True, 'connection.blocked': True, 'per_consumer_qos': True, 'consumer_cancel_notify': True}, 'cluster_name': 'rabbit@rabbitmq1'}, mechanisms: [b'PLAIN', b'AMQPLAIN'], locales: ['en_US']
2021-11-05 14:56:01,131 - channel.py[line:105] - DEBUG: using channel_id: 1
2021-11-05 14:56:01,132 - channel.py[line:446] - DEBUG: Channel open
2021-11-05 14:56:01,132 - connection.py[line:712] - DEBUG: heartbeat_tick : for connection 0855f25f840b478eae2fb5b42926841e
2021-11-05 14:56:01,132 - connection.py[line:734] - DEBUG: heartbeat_tick : Prev sent/recv: None/None, now - 4/4, monotonic - 367362.39, last_heartbeat_sent - 367362.39, heartbeat int. - 60 for connection 0855f25f840b478eae2fb5b42926841e
2021-11-05 14:56:01,132 - impl_rabbit.py[line:558] - DEBUG: [0d312381-51d1-47ca-8167-4c1742ea92eb] Connected to AMQP server on 192.168.19.160:5672 via [amqp] client with port 9844.
2021-11-05 14:56:01,132 - amqpdriver.py[line:627] - DEBUG: CALL msg_id: d6d82868b10045268139acf9175d8bc1 exchange 'openstack' topic 'test_topic'
2021-11-05 14:56:01,138 - amqpdriver.py[line:472] - DEBUG: received reply msg_id: d6d82868b10045268139acf9175d8bc1
2021-11-05 14:56:01,138 - connection.py[line:712] - DEBUG: heartbeat_tick : for connection 77a5bebec0eb4f2a838f834068713062
2021-11-05 14:56:01,138 - connection.py[line:734] - DEBUG: heartbeat_tick : Prev sent/recv: 8/8, now - 9/11, monotonic - 367362.39, last_heartbeat_sent - 367362.39, heartbeat int. - 60 for connection 77a5bebec0eb4f2a838f834068713062
2021-11-05 14:56:01,139 - amqpdriver.py[line:627] - DEBUG: CAST unique_id: ed69b03292c04f0e9a5b23017608e886 exchange 'openstack' topic 'test_topic'
2021-11-05 14:56:01,140 - main.py[line:25] - INFO: client result:
2021-11-05 14:56:01,140 - _internal.py[line:122] - INFO: 127.0.0.1 - - [05/Nov/2021 14:56:01] "GET / HTTP/1.1" 200 -
2021-11-05 14:56:01,140 - connection.py[line:712] - DEBUG: heartbeat_tick : for connection 77a5bebec0eb4f2a838f834068713062
2021-11-05 14:56:01,141 - connection.py[line:734] - DEBUG: heartbeat_tick : Prev sent/recv: 9/11, now - 9/11, monotonic - 367362.406, last_heartbeat_sent - 367362.39, heartbeat int. - 60 for connection 77a5bebec0eb4f2a838f834068713062
2021-11-05 14:56:01,142 - connection.py[line:712] - DEBUG: heartbeat_tick : for connection 77a5bebec0eb4f2a838f834068713062
2021-11-05 14:56:01,143 - connection.py[line:734] - DEBUG: heartbeat_tick : Prev sent/recv: 9/11, now - 9/11, monotonic - 367362.406, last_heartbeat_sent - 367362.39, heartbeat int. - 60 for connection 77a5bebec0eb4f2a838f834068713062
2021-11-05 14:56:02,144 - connection.py[line:712] - DEBUG: heartbeat_tick : for connection 77a5bebec0eb4f2a838f834068713062
2021-11-05 14:56:02,144 - connection.py[line:734] - DEBUG: heartbeat_tick : Prev sent/recv: 9/11, now - 9/11, monotonic - 367363.406, last_heartbeat_sent - 367362.39, heartbeat int. - 60 for connection 77a5bebec0eb4f2a838f834068713062
2021-11-05 14:56:04,144 - connection.py[line:712] - DEBUG: heartbeat_tick : for connection 77a5bebec0eb4f2a838f834068713062
2021-11-05 14:56:04,144 - connection.py[line:734] - DEBUG: heartbeat_tick : Prev sent/recv: 9/11, now - 9/11, monotonic - 367365.406, last_heartbeat_sent - 367362.39, heartbeat int. - 60 for connection 77a5bebec0eb4f2a838f834068713062
2021-11-05 14:56:08,144 - connection.py[line:712] - DEBUG: heartbeat_tick : for connection 77a5bebec0eb4f2a838f834068713062
2021-11-05 14:56:08,144 - connection.py[line:734] - DEBUG: heartbeat_tick : Prev sent/recv: 9/11, now - 9/11, monotonic - 367369.406, last_heartbeat_sent - 367362.39, heartbeat int. - 60 for connection 77a5bebec0eb4f2a838f834068713062
2021-11-05 14:56:16,134 - connection.py[line:712] - DEBUG: heartbeat_tick : for connection 0855f25f840b478eae2fb5b42926841e
2021-11-05 14:56:16,134 - connection.py[line:734] - DEBUG: heartbeat_tick : Prev sent/recv: 4/4, now - 8/8, monotonic - 367377.39, last_heartbeat_sent - 367377.39, heartbeat int. - 60 for connection 0855f25f840b478eae2fb5b42926841e
2021-11-05 14:56:16,144 - connection.py[line:712] - DEBUG: heartbeat_tick : for connection 77a5bebec0eb4f2a838f834068713062
2021-11-05 14:56:16,145 - connection.py[line:734] - DEBUG: heartbeat_tick : Prev sent/recv: 9/11, now - 9/11, monotonic - 367377.406, last_heartbeat_sent - 367362.39, heartbeat int. - 60 for connection 77a5bebec0eb4f2a838f834068713062
2021-11-05 14:56:31,136 - connection.py[line:712] - DEBUG: heartbeat_tick : for connection 0855f25f840b478eae2fb5b42926841e
2021-11-05 14:56:31,136 - connection.py[line:734] - DEBUG: heartbeat_tick : Prev sent/recv: 8/8, now - 8/8, monotonic - 367392.39, last_heartbeat_sent - 367377.39, heartbeat int. - 60 for connection 0855f25f840b478eae2fb5b42926841e
2021-11-05 14:56:46,064 - connection.py[line:712] - DEBUG: heartbeat_tick : for connection 77a5bebec0eb4f2a838f834068713062
2021-11-05 14:56:46,064 - connection.py[line:734] - DEBUG: heartbeat_tick : Prev sent/recv: 9/11, now - 9/12, monotonic - 367407.328, last_heartbeat_sent - 367362.39, heartbeat int. - 60 for connection 77a5bebec0eb4f2a838f834068713062
2021-11-05 14:56:46,139 - connection.py[line:712] - DEBUG: heartbeat_tick : for connection 0855f25f840b478eae2fb5b42926841e
2021-11-05 14:56:46,139 - connection.py[line:734] - DEBUG: heartbeat_tick : Prev sent/recv: 8/8, now - 8/9, monotonic - 367407.39, last_heartbeat_sent - 367377.39, heartbeat int. - 60 for connection 0855f25f840b478eae2fb5b42926841e
2021-11-05 14:58:17,934 - extension.py[line:189] - DEBUG: found extension EntryPoint.parse('amqp = oslo_messaging._drivers.impl_amqp1:ProtonDriver')
2021-11-05 14:58:17,935 - extension.py[line:189] - DEBUG: found extension EntryPoint.parse('fake = oslo_messaging._drivers.impl_fake:FakeDriver')
2021-11-05 14:58:17,935 - extension.py[line:189] - DEBUG: found extension EntryPoint.parse('kombu = oslo_messaging._drivers.impl_rabbit:RabbitDriver')
2021-11-05 14:58:17,935 - extension.py[line:189] - DEBUG: found extension EntryPoint.parse('kafka = oslo_messaging._drivers.impl_kafka:KafkaDriver')
2021-11-05 14:58:17,935 - extension.py[line:189] - DEBUG: found extension EntryPoint.parse('rabbit = oslo_messaging._drivers.impl_rabbit:RabbitDriver')
2021-11-05 14:58:19,581 - _internal.py[line:122] - INFO:  * Running on http://0.0.0.0:5000/ (Press CTRL+C to quit)
2021-11-05 14:58:21,104 - pool.py[line:143] - DEBUG: Pool creating new connection
2021-11-05 14:58:21,113 - impl_rabbit.py[line:529] - DEBUG: [deaaa007-6621-4706-bef6-3b7a44ad7668] Connecting to AMQP server on 192.168.19.160:5672
2021-11-05 14:58:21,130 - connection.py[line:376] - DEBUG: Start from server, version: 0.9, properties: {'cluster_name': 'rabbit@rabbitmq1', 'version': '3.7.16', 'platform': 'Erlang/OTP 22.0.7', 'capabilities': {'per_consumer_qos': True, 'connection.blocked': True, 'exchange_exchange_bindings': True, 'direct_reply_to': True, 'authentication_failure_close': True, 'publisher_confirms': True, 'consumer_priorities': True, 'consumer_cancel_notify': True, 'basic.nack': True}, 'copyright': 'Copyright (C) 2007-2019 Pivotal Software, Inc.', 'information': 'Licensed under the MPL.  See https://www.rabbitmq.com/', 'product': 'RabbitMQ'}, mechanisms: [b'PLAIN', b'AMQPLAIN'], locales: ['en_US']
2021-11-05 14:58:21,131 - channel.py[line:105] - DEBUG: using channel_id: 1
2021-11-05 14:58:21,133 - channel.py[line:446] - DEBUG: Channel open
2021-11-05 14:58:21,133 - impl_rabbit.py[line:558] - DEBUG: [deaaa007-6621-4706-bef6-3b7a44ad7668] Connected to AMQP server on 192.168.19.160:5672 via [amqp] client with port 9918.
2021-11-05 14:58:21,133 - impl_rabbit.py[line:247] - DEBUG: [deaaa007-6621-4706-bef6-3b7a44ad7668] Queue.declare: reply_60fc578e03e54e428ac7cd247c05296b
2021-11-05 14:58:21,140 - pool.py[line:143] - DEBUG: Pool creating new connection
2021-11-05 14:58:21,141 - connection.py[line:712] - DEBUG: heartbeat_tick : for connection 26c297bea44347c99420baa4246e0deb
2021-11-05 14:58:21,141 - connection.py[line:734] - DEBUG: heartbeat_tick : Prev sent/recv: None/None, now - 8/8, monotonic - 367502.406, last_heartbeat_sent - 367502.406, heartbeat int. - 60 for connection 26c297bea44347c99420baa4246e0deb
2021-11-05 14:58:21,143 - connection.py[line:712] - DEBUG: heartbeat_tick : for connection 26c297bea44347c99420baa4246e0deb
2021-11-05 14:58:21,143 - connection.py[line:734] - DEBUG: heartbeat_tick : Prev sent/recv: 8/8, now - 8/8, monotonic - 367502.406, last_heartbeat_sent - 367502.406, heartbeat int. - 60 for connection 26c297bea44347c99420baa4246e0deb
2021-11-05 14:58:21,143 - impl_rabbit.py[line:529] - DEBUG: [44421605-dfa0-4dc5-83de-bf963a1f9ab0] Connecting to AMQP server on 192.168.19.160:5672
2021-11-05 14:58:21,160 - connection.py[line:376] - DEBUG: Start from server, version: 0.9, properties: {'cluster_name': 'rabbit@rabbitmq1', 'version': '3.7.16', 'platform': 'Erlang/OTP 22.0.7', 'capabilities': {'per_consumer_qos': True, 'connection.blocked': True, 'exchange_exchange_bindings': True, 'direct_reply_to': True, 'authentication_failure_close': True, 'publisher_confirms': True, 'consumer_priorities': True, 'consumer_cancel_notify': True, 'basic.nack': True}, 'copyright': 'Copyright (C) 2007-2019 Pivotal Software, Inc.', 'information': 'Licensed under the MPL.  See https://www.rabbitmq.com/', 'product': 'RabbitMQ'}, mechanisms: [b'PLAIN', b'AMQPLAIN'], locales: ['en_US']
2021-11-05 14:58:21,162 - channel.py[line:105] - DEBUG: using channel_id: 1
2021-11-05 14:58:21,162 - channel.py[line:446] - DEBUG: Channel open
2021-11-05 14:58:21,163 - connection.py[line:712] - DEBUG: heartbeat_tick : for connection 74f072120f5d4470bc83ae3b90e8effb
2021-11-05 14:58:21,163 - connection.py[line:734] - DEBUG: heartbeat_tick : Prev sent/recv: None/None, now - 4/4, monotonic - 367502.421, last_heartbeat_sent - 367502.421, heartbeat int. - 60 for connection 74f072120f5d4470bc83ae3b90e8effb
2021-11-05 14:58:21,163 - impl_rabbit.py[line:558] - DEBUG: [44421605-dfa0-4dc5-83de-bf963a1f9ab0] Connected to AMQP server on 192.168.19.160:5672 via [amqp] client with port 9919.
2021-11-05 14:58:21,163 - amqpdriver.py[line:627] - DEBUG: CALL msg_id: 8448949ed2f44764a58bcb8921fc4b75 exchange 'openstack' topic 'test_topic'
2021-11-05 14:58:21,193 - amqpdriver.py[line:472] - DEBUG: received reply msg_id: 8448949ed2f44764a58bcb8921fc4b75
2021-11-05 14:58:21,193 - connection.py[line:712] - DEBUG: heartbeat_tick : for connection 26c297bea44347c99420baa4246e0deb
2021-11-05 14:58:21,194 - connection.py[line:734] - DEBUG: heartbeat_tick : Prev sent/recv: 8/8, now - 9/11, monotonic - 367502.453, last_heartbeat_sent - 367502.453, heartbeat int. - 60 for connection 26c297bea44347c99420baa4246e0deb
2021-11-05 14:58:21,194 - amqpdriver.py[line:627] - DEBUG: CAST unique_id: c079dd20616441b2ae2de3ff8aa4b1ea exchange 'openstack' topic 'test_topic'
2021-11-05 14:58:21,195 - main.py[line:26] - INFO: client result:
2021-11-05 14:58:21,195 - _internal.py[line:122] - INFO: 127.0.0.1 - - [05/Nov/2021 14:58:21] "GET / HTTP/1.1" 200 -
2021-11-05 14:58:21,195 - connection.py[line:712] - DEBUG: heartbeat_tick : for connection 26c297bea44347c99420baa4246e0deb
2021-11-05 14:58:21,195 - connection.py[line:734] - DEBUG: heartbeat_tick : Prev sent/recv: 9/11, now - 9/11, monotonic - 367502.453, last_heartbeat_sent - 367502.453, heartbeat int. - 60 for connection 26c297bea44347c99420baa4246e0deb
2021-11-05 14:58:21,197 - connection.py[line:712] - DEBUG: heartbeat_tick : for connection 26c297bea44347c99420baa4246e0deb
2021-11-05 14:58:21,197 - connection.py[line:734] - DEBUG: heartbeat_tick : Prev sent/recv: 9/11, now - 9/11, monotonic - 367502.453, last_heartbeat_sent - 367502.453, heartbeat int. - 60 for connection 26c297bea44347c99420baa4246e0deb
2021-11-05 14:58:21,199 - connection.py[line:712] - DEBUG: heartbeat_tick : for connection 26c297bea44347c99420baa4246e0deb
2021-11-05 14:58:21,199 - connection.py[line:734] - DEBUG: heartbeat_tick : Prev sent/recv: 9/11, now - 9/11, monotonic - 367502.453, last_heartbeat_sent - 367502.453, heartbeat int. - 60 for connection 26c297bea44347c99420baa4246e0deb
2021-11-05 14:58:21,200 - connection.py[line:712] - DEBUG: heartbeat_tick : for connection 26c297bea44347c99420baa4246e0deb
2021-11-05 14:58:21,200 - connection.py[line:734] - DEBUG: heartbeat_tick : Prev sent/recv: 9/11, now - 9/11, monotonic - 367502.453, last_heartbeat_sent - 367502.453, heartbeat int. - 60 for connection 26c297bea44347c99420baa4246e0deb
2021-11-05 14:58:21,201 - connection.py[line:712] - DEBUG: heartbeat_tick : for connection 26c297bea44347c99420baa4246e0deb
2021-11-05 14:58:21,201 - connection.py[line:734] - DEBUG: heartbeat_tick : Prev sent/recv: 9/11, now - 9/11, monotonic - 367502.453, last_heartbeat_sent - 367502.453, heartbeat int. - 60 for connection 26c297bea44347c99420baa4246e0deb
2021-11-05 14:58:21,203 - connection.py[line:712] - DEBUG: heartbeat_tick : for connection 26c297bea44347c99420baa4246e0deb
2021-11-05 14:58:21,203 - connection.py[line:734] - DEBUG: heartbeat_tick : Prev sent/recv: 9/11, now - 9/11, monotonic - 367502.453, last_heartbeat_sent - 367502.453, heartbeat int. - 60 for connection 26c297bea44347c99420baa4246e0deb
2021-11-05 14:58:21,204 - connection.py[line:712] - DEBUG: heartbeat_tick : for connection 26c297bea44347c99420baa4246e0deb
2021-11-05 14:58:21,204 - connection.py[line:734] - DEBUG: heartbeat_tick : Prev sent/recv: 9/11, now - 9/11, monotonic - 367502.468, last_heartbeat_sent - 367502.453, heartbeat int. - 60 for connection 26c297bea44347c99420baa4246e0deb
2021-11-05 14:58:22,204 - connection.py[line:712] - DEBUG: heartbeat_tick : for connection 26c297bea44347c99420baa4246e0deb
2021-11-05 14:58:22,205 - connection.py[line:734] - DEBUG: heartbeat_tick : Prev sent/recv: 9/11, now - 9/11, monotonic - 367503.468, last_heartbeat_sent - 367502.453, heartbeat int. - 60 for connection 26c297bea44347c99420baa4246e0deb
2021-11-05 14:58:24,205 - connection.py[line:712] - DEBUG: heartbeat_tick : for connection 26c297bea44347c99420baa4246e0deb
2021-11-05 14:58:24,205 - connection.py[line:734] - DEBUG: heartbeat_tick : Prev sent/recv: 9/11, now - 9/11, monotonic - 367505.468, last_heartbeat_sent - 367502.453, heartbeat int. - 60 for connection 26c297bea44347c99420baa4246e0deb
2021-11-05 14:58:28,206 - connection.py[line:712] - DEBUG: heartbeat_tick : for connection 26c297bea44347c99420baa4246e0deb
2021-11-05 14:58:28,206 - connection.py[line:734] - DEBUG: heartbeat_tick : Prev sent/recv: 9/11, now - 9/11, monotonic - 367509.468, last_heartbeat_sent - 367502.453, heartbeat int. - 60 for connection 26c297bea44347c99420baa4246e0deb
2021-11-05 14:58:36,164 - connection.py[line:712] - DEBUG: heartbeat_tick : for connection 74f072120f5d4470bc83ae3b90e8effb
2021-11-05 14:58:36,164 - connection.py[line:734] - DEBUG: heartbeat_tick : Prev sent/recv: 4/4, now - 8/8, monotonic - 367517.421, last_heartbeat_sent - 367517.421, heartbeat int. - 60 for connection 74f072120f5d4470bc83ae3b90e8effb
2021-11-05 14:58:36,207 - connection.py[line:712] - DEBUG: heartbeat_tick : for connection 26c297bea44347c99420baa4246e0deb
2021-11-05 14:58:36,207 - connection.py[line:734] - DEBUG: heartbeat_tick : Prev sent/recv: 9/11, now - 9/11, monotonic - 367517.468, last_heartbeat_sent - 367502.453, heartbeat int. - 60 for connection 26c297bea44347c99420baa4246e0deb
2021-11-05 14:58:51,165 - connection.py[line:712] - DEBUG: heartbeat_tick : for connection 74f072120f5d4470bc83ae3b90e8effb
2021-11-05 14:58:51,165 - connection.py[line:734] - DEBUG: heartbeat_tick : Prev sent/recv: 8/8, now - 8/8, monotonic - 367532.421, last_heartbeat_sent - 367517.421, heartbeat int. - 60 for connection 74f072120f5d4470bc83ae3b90e8effb
2021-11-05 14:59:06,132 - connection.py[line:712] - DEBUG: heartbeat_tick : for connection 26c297bea44347c99420baa4246e0deb
2021-11-05 14:59:06,132 - connection.py[line:734] - DEBUG: heartbeat_tick : Prev sent/recv: 9/11, now - 9/12, monotonic - 367547.39, last_heartbeat_sent - 367502.453, heartbeat int. - 60 for connection 26c297bea44347c99420baa4246e0deb
2021-11-05 14:59:06,167 - connection.py[line:712] - DEBUG: heartbeat_tick : for connection 74f072120f5d4470bc83ae3b90e8effb
2021-11-05 14:59:06,168 - connection.py[line:734] - DEBUG: heartbeat_tick : Prev sent/recv: 8/8, now - 8/9, monotonic - 367547.421, last_heartbeat_sent - 367517.421, heartbeat int. - 60 for connection 74f072120f5d4470bc83ae3b90e8effb
2021-11-05 14:59:21,133 - connection.py[line:712] - DEBUG: heartbeat_tick : for connection 26c297bea44347c99420baa4246e0deb
2021-11-05 14:59:21,133 - connection.py[line:734] - DEBUG: heartbeat_tick : Prev sent/recv: 9/12, now - 9/12, monotonic - 367562.39, last_heartbeat_sent - 367502.453, heartbeat int. - 60 for connection 26c297bea44347c99420baa4246e0deb
2021-11-05 14:59:21,170 - connection.py[line:712] - DEBUG: heartbeat_tick : for connection 74f072120f5d4470bc83ae3b90e8effb
2021-11-05 14:59:21,170 - connection.py[line:734] - DEBUG: heartbeat_tick : Prev sent/recv: 8/9, now - 8/9, monotonic - 367562.421, last_heartbeat_sent - 367517.421, heartbeat int. - 60 for connection 74f072120f5d4470bc83ae3b90e8effb
2021-11-05 14:59:36,134 - connection.py[line:712] - DEBUG: heartbeat_tick : for connection 26c297bea44347c99420baa4246e0deb
2021-11-05 14:59:36,134 - connection.py[line:734] - DEBUG: heartbeat_tick : Prev sent/recv: 9/12, now - 9/13, monotonic - 367577.39, last_heartbeat_sent - 367502.453, heartbeat int. - 60 for connection 26c297bea44347c99420baa4246e0deb
2021-11-05 14:59:36,134 - connection.py[line:743] - DEBUG: heartbeat_tick: sending heartbeat for connection 26c297bea44347c99420baa4246e0deb
2021-11-05 14:59:36,172 - connection.py[line:712] - DEBUG: heartbeat_tick : for connection 74f072120f5d4470bc83ae3b90e8effb
2021-11-05 14:59:36,172 - connection.py[line:734] - DEBUG: heartbeat_tick : Prev sent/recv: 8/9, now - 8/10, monotonic - 367577.437, last_heartbeat_sent - 367517.421, heartbeat int. - 60 for connection 74f072120f5d4470bc83ae3b90e8effb
2021-11-05 14:59:36,172 - connection.py[line:743] - DEBUG: heartbeat_tick: sending heartbeat for connection 74f072120f5d4470bc83ae3b90e8effb
2021-11-05 14:59:38,135 - connection.py[line:712] - DEBUG: heartbeat_tick : for connection 26c297bea44347c99420baa4246e0deb
2021-11-05 14:59:38,135 - connection.py[line:734] - DEBUG: heartbeat_tick : Prev sent/recv: 9/13, now - 10/13, monotonic - 367579.39, last_heartbeat_sent - 367579.39, heartbeat int. - 60 for connection 26c297bea44347c99420baa4246e0deb
2021-11-05 14:59:51,174 - connection.py[line:712] - DEBUG: heartbeat_tick : for connection 74f072120f5d4470bc83ae3b90e8effb
2021-11-05 14:59:51,174 - connection.py[line:734] - DEBUG: heartbeat_tick : Prev sent/recv: 8/10, now - 9/10, monotonic - 367592.437, last_heartbeat_sent - 367592.437, heartbeat int. - 60 for connection 74f072120f5d4470bc83ae3b90e8effb
2021-11-05 15:00:06,134 - connection.py[line:712] - DEBUG: heartbeat_tick : for connection 26c297bea44347c99420baa4246e0deb
2021-11-05 15:00:06,134 - connection.py[line:734] - DEBUG: heartbeat_tick : Prev sent/recv: 10/13, now - 10/14, monotonic - 367607.39, last_heartbeat_sent - 367579.39, heartbeat int. - 60 for connection 26c297bea44347c99420baa4246e0deb
2021-11-05 15:00:06,177 - connection.py[line:712] - DEBUG: heartbeat_tick : for connection 74f072120f5d4470bc83ae3b90e8effb
2021-11-05 15:00:06,177 - connection.py[line:734] - DEBUG: heartbeat_tick : Prev sent/recv: 9/10, now - 9/11, monotonic - 367607.437, last_heartbeat_sent - 367592.437, heartbeat int. - 60 for connection 74f072120f5d4470bc83ae3b90e8effb
2021-11-05 15:00:21,178 - connection.py[line:712] - DEBUG: heartbeat_tick : for connection 74f072120f5d4470bc83ae3b90e8effb
2021-11-05 15:00:21,178 - connection.py[line:734] - DEBUG: heartbeat_tick : Prev sent/recv: 9/11, now - 9/11, monotonic - 367622.437, last_heartbeat_sent - 367592.437, heartbeat int. - 60 for connection 74f072120f5d4470bc83ae3b90e8effb
2021-11-05 15:00:36,131 - connection.py[line:712] - DEBUG: heartbeat_tick : for connection 26c297bea44347c99420baa4246e0deb
2021-11-05 15:00:36,131 - connection.py[line:734] - DEBUG: heartbeat_tick : Prev sent/recv: 10/14, now - 10/15, monotonic - 367637.39, last_heartbeat_sent - 367579.39, heartbeat int. - 60 for connection 26c297bea44347c99420baa4246e0deb
2021-11-05 15:00:36,180 - connection.py[line:712] - DEBUG: heartbeat_tick : for connection 74f072120f5d4470bc83ae3b90e8effb
2021-11-05 15:00:36,180 - connection.py[line:734] - DEBUG: heartbeat_tick : Prev sent/recv: 9/11, now - 9/12, monotonic - 367637.437, last_heartbeat_sent - 367592.437, heartbeat int. - 60 for connection 74f072120f5d4470bc83ae3b90e8effb
2021-11-05 15:00:42,132 - connection.py[line:712] - DEBUG: heartbeat_tick : for connection 26c297bea44347c99420baa4246e0deb
2021-11-05 15:00:42,132 - connection.py[line:734] - DEBUG: heartbeat_tick : Prev sent/recv: 10/15, now - 10/15, monotonic - 367643.39, last_heartbeat_sent - 367579.39, heartbeat int. - 60 for connection 26c297bea44347c99420baa4246e0deb
2021-11-05 15:00:42,132 - connection.py[line:743] - DEBUG: heartbeat_tick: sending heartbeat for connection 26c297bea44347c99420baa4246e0deb
2021-11-05 15:00:51,182 - connection.py[line:712] - DEBUG: heartbeat_tick : for connection 74f072120f5d4470bc83ae3b90e8effb
2021-11-05 15:00:51,182 - connection.py[line:734] - DEBUG: heartbeat_tick : Prev sent/recv: 9/12, now - 9/12, monotonic - 367652.437, last_heartbeat_sent - 367592.437, heartbeat int. - 60 for connection 74f072120f5d4470bc83ae3b90e8effb
2021-11-05 15:01:06,131 - connection.py[line:712] - DEBUG: heartbeat_tick : for connection 26c297bea44347c99420baa4246e0deb
2021-11-05 15:01:06,131 - connection.py[line:734] - DEBUG: heartbeat_tick : Prev sent/recv: 10/15, now - 11/16, monotonic - 367667.39, last_heartbeat_sent - 367667.39, heartbeat int. - 60 for connection 26c297bea44347c99420baa4246e0deb
2021-11-05 15:01:06,185 - connection.py[line:712] - DEBUG: heartbeat_tick : for connection 74f072120f5d4470bc83ae3b90e8effb
2021-11-05 15:01:06,185 - connection.py[line:734] - DEBUG: heartbeat_tick : Prev sent/recv: 9/12, now - 9/13, monotonic - 367667.437, last_heartbeat_sent - 367592.437, heartbeat int. - 60 for connection 74f072120f5d4470bc83ae3b90e8effb
2021-11-05 15:01:06,185 - connection.py[line:743] - DEBUG: heartbeat_tick: sending heartbeat for connection 74f072120f5d4470bc83ae3b90e8effb
2021-11-05 15:01:21,131 - connection.py[line:712] - DEBUG: heartbeat_tick : for connection 26c297bea44347c99420baa4246e0deb
2021-11-05 15:01:21,131 - connection.py[line:734] - DEBUG: heartbeat_tick : Prev sent/recv: 11/16, now - 11/16, monotonic - 367682.39, last_heartbeat_sent - 367667.39, heartbeat int. - 60 for connection 26c297bea44347c99420baa4246e0deb
2021-11-05 15:01:21,186 - connection.py[line:712] - DEBUG: heartbeat_tick : for connection 74f072120f5d4470bc83ae3b90e8effb
2021-11-05 15:01:21,186 - connection.py[line:734] - DEBUG: heartbeat_tick : Prev sent/recv: 9/13, now - 10/13, monotonic - 367682.437, last_heartbeat_sent - 367682.437, heartbeat int. - 60 for connection 74f072120f5d4470bc83ae3b90e8effb
2021-11-05 15:01:36,132 - connection.py[line:712] - DEBUG: heartbeat_tick : for connection 26c297bea44347c99420baa4246e0deb
2021-11-05 15:01:36,132 - connection.py[line:734] - DEBUG: heartbeat_tick : Prev sent/recv: 11/16, now - 11/17, monotonic - 367697.39, last_heartbeat_sent - 367667.39, heartbeat int. - 60 for connection 26c297bea44347c99420baa4246e0deb
2021-11-05 15:01:36,188 - connection.py[line:712] - DEBUG: heartbeat_tick : for connection 74f072120f5d4470bc83ae3b90e8effb
2021-11-05 15:01:36,188 - connection.py[line:734] - DEBUG: heartbeat_tick : Prev sent/recv: 10/13, now - 10/14, monotonic - 367697.453, last_heartbeat_sent - 367682.437, heartbeat int. - 60 for connection 74f072120f5d4470bc83ae3b90e8effb
2021-11-05 15:01:51,132 - connection.py[line:712] - DEBUG: heartbeat_tick : for connection 26c297bea44347c99420baa4246e0deb
2021-11-05 15:01:51,132 - connection.py[line:734] - DEBUG: heartbeat_tick : Prev sent/recv: 11/17, now - 11/17, monotonic - 367712.39, last_heartbeat_sent - 367667.39, heartbeat int. - 60 for connection 26c297bea44347c99420baa4246e0deb
2021-11-05 15:01:51,190 - connection.py[line:712] - DEBUG: heartbeat_tick : for connection 74f072120f5d4470bc83ae3b90e8effb
2021-11-05 15:01:51,190 - connection.py[line:734] - DEBUG: heartbeat_tick : Prev sent/recv: 10/14, now - 10/14, monotonic - 367712.453, last_heartbeat_sent - 367682.437, heartbeat int. - 60 for connection 74f072120f5d4470bc83ae3b90e8effb
2021-11-05 15:02:06,134 - connection.py[line:712] - DEBUG: heartbeat_tick : for connection 26c297bea44347c99420baa4246e0deb
2021-11-05 15:02:06,134 - connection.py[line:734] - DEBUG: heartbeat_tick : Prev sent/recv: 11/17, now - 11/18, monotonic - 367727.39, last_heartbeat_sent - 367667.39, heartbeat int. - 60 for connection 26c297bea44347c99420baa4246e0deb
2021-11-05 15:02:06,192 - connection.py[line:712] - DEBUG: heartbeat_tick : for connection 74f072120f5d4470bc83ae3b90e8effb
2021-11-05 15:02:06,192 - connection.py[line:734] - DEBUG: heartbeat_tick : Prev sent/recv: 10/14, now - 10/15, monotonic - 367727.453, last_heartbeat_sent - 367682.437, heartbeat int. - 60 for connection 74f072120f5d4470bc83ae3b90e8effb
2021-11-05 15:02:09,760 - amqpdriver.py[line:627] - DEBUG: CALL msg_id: 7f789af8a50d480782c8c2cf809cf697 exchange 'openstack' topic 'test_topic'
2021-11-05 15:02:09,796 - amqpdriver.py[line:472] - DEBUG: received reply msg_id: 7f789af8a50d480782c8c2cf809cf697
2021-11-05 15:02:09,796 - connection.py[line:712] - DEBUG: heartbeat_tick : for connection 26c297bea44347c99420baa4246e0deb
2021-11-05 15:02:09,796 - connection.py[line:734] - DEBUG: heartbeat_tick : Prev sent/recv: 11/18, now - 12/21, monotonic - 367731.046, last_heartbeat_sent - 367731.046, heartbeat int. - 60 for connection 26c297bea44347c99420baa4246e0deb
2021-11-05 15:02:09,797 - amqpdriver.py[line:627] - DEBUG: CAST unique_id: 9fa055d4ac104a9caa5eb7392bed7bab exchange 'openstack' topic 'test_topic'
2021-11-05 15:02:09,798 - main.py[line:26] - INFO: client result:
2021-11-05 15:02:09,798 - connection.py[line:712] - DEBUG: heartbeat_tick : for connection 26c297bea44347c99420baa4246e0deb
2021-11-05 15:02:09,798 - connection.py[line:734] - DEBUG: heartbeat_tick : Prev sent/recv: 12/21, now - 12/21, monotonic - 367731.062, last_heartbeat_sent - 367731.046, heartbeat int. - 60 for connection 26c297bea44347c99420baa4246e0deb
2021-11-05 15:02:09,798 - _internal.py[line:122] - INFO: 127.0.0.1 - - [05/Nov/2021 15:02:09] "GET / HTTP/1.1" 200 -
2021-11-05 15:02:10,799 - connection.py[line:712] - DEBUG: heartbeat_tick : for connection 26c297bea44347c99420baa4246e0deb
2021-11-05 15:02:10,799 - connection.py[line:734] - DEBUG: heartbeat_tick : Prev sent/recv: 12/21, now - 12/21, monotonic - 367732.062, last_heartbeat_sent - 367731.046, heartbeat int. - 60 for connection 26c297bea44347c99420baa4246e0deb
2021-11-05 15:02:12,800 - connection.py[line:712] - DEBUG: heartbeat_tick : for connection 26c297bea44347c99420baa4246e0deb
2021-11-05 15:02:12,800 - connection.py[line:734] - DEBUG: heartbeat_tick : Prev sent/recv: 12/21, now - 12/21, monotonic - 367734.062, last_heartbeat_sent - 367731.046, heartbeat int. - 60 for connection 26c297bea44347c99420baa4246e0deb
2021-11-05 15:02:16,801 - connection.py[line:712] - DEBUG: heartbeat_tick : for connection 26c297bea44347c99420baa4246e0deb
2021-11-05 15:02:16,801 - connection.py[line:734] - DEBUG: heartbeat_tick : Prev sent/recv: 12/21, now - 12/21, monotonic - 367738.062, last_heartbeat_sent - 367731.046, heartbeat int. - 60 for connection 26c297bea44347c99420baa4246e0deb
2021-11-05 15:02:21,195 - connection.py[line:712] - DEBUG: heartbeat_tick : for connection 74f072120f5d4470bc83ae3b90e8effb
2021-11-05 15:02:21,195 - connection.py[line:734] - DEBUG: heartbeat_tick : Prev sent/recv: 10/15, now - 12/17, monotonic - 367742.453, last_heartbeat_sent - 367742.453, heartbeat int. - 60 for connection 74f072120f5d4470bc83ae3b90e8effb
2021-11-05 15:02:24,801 - connection.py[line:712] - DEBUG: heartbeat_tick : for connection 26c297bea44347c99420baa4246e0deb
2021-11-05 15:02:24,801 - connection.py[line:734] - DEBUG: heartbeat_tick : Prev sent/recv: 12/21, now - 12/21, monotonic - 367746.062, last_heartbeat_sent - 367731.046, heartbeat int. - 60 for connection 26c297bea44347c99420baa4246e0deb
2021-11-05 15:02:36,197 - connection.py[line:712] - DEBUG: heartbeat_tick : for connection 74f072120f5d4470bc83ae3b90e8effb
2021-11-05 15:02:36,197 - connection.py[line:734] - DEBUG: heartbeat_tick : Prev sent/recv: 12/17, now - 12/17, monotonic - 367757.453, last_heartbeat_sent - 367742.453, heartbeat int. - 60 for connection 74f072120f5d4470bc83ae3b90e8effb
2021-11-05 15:02:39,802 - connection.py[line:712] - DEBUG: heartbeat_tick : for connection 26c297bea44347c99420baa4246e0deb
2021-11-05 15:02:39,802 - connection.py[line:734] - DEBUG: heartbeat_tick : Prev sent/recv: 12/21, now - 12/21, monotonic - 367761.062, last_heartbeat_sent - 367731.046, heartbeat int. - 60 for connection 26c297bea44347c99420baa4246e0deb
2021-11-05 15:02:40,802 - connection.py[line:712] - DEBUG: heartbeat_tick : for connection 26c297bea44347c99420baa4246e0deb
2021-11-05 15:02:40,802 - connection.py[line:734] - DEBUG: heartbeat_tick : Prev sent/recv: 12/21, now - 12/21, monotonic - 367762.062, last_heartbeat_sent - 367731.046, heartbeat int. - 60 for connection 26c297bea44347c99420baa4246e0deb
2021-11-05 15:02:51,198 - connection.py[line:712] - DEBUG: heartbeat_tick : for connection 74f072120f5d4470bc83ae3b90e8effb
2021-11-05 15:02:51,198 - connection.py[line:734] - DEBUG: heartbeat_tick : Prev sent/recv: 12/17, now - 12/17, monotonic - 367772.453, last_heartbeat_sent - 367742.453, heartbeat int. - 60 for connection 74f072120f5d4470bc83ae3b90e8effb
2021-11-05 15:03:06,138 - connection.py[line:712] - DEBUG: heartbeat_tick : for connection 26c297bea44347c99420baa4246e0deb
2021-11-05 15:03:06,138 - connection.py[line:734] - DEBUG: heartbeat_tick : Prev sent/recv: 12/21, now - 12/22, monotonic - 367787.39, last_heartbeat_sent - 367731.046, heartbeat int. - 60 for connection 26c297bea44347c99420baa4246e0deb
2021-11-05 15:03:06,200 - connection.py[line:712] - DEBUG: heartbeat_tick : for connection 74f072120f5d4470bc83ae3b90e8effb
2021-11-05 15:03:06,200 - connection.py[line:734] - DEBUG: heartbeat_tick : Prev sent/recv: 12/17, now - 12/18, monotonic - 367787.453, last_heartbeat_sent - 367742.453, heartbeat int. - 60 for connection 74f072120f5d4470bc83ae3b90e8effb
2021-11-05 15:03:12,811 - connection.py[line:712] - DEBUG: heartbeat_tick : for connection 26c297bea44347c99420baa4246e0deb
2021-11-05 15:03:12,811 - connection.py[line:734] - DEBUG: heartbeat_tick : Prev sent/recv: 12/22, now - 12/22, monotonic - 367794.062, last_heartbeat_sent - 367731.046, heartbeat int. - 60 for connection 26c297bea44347c99420baa4246e0deb
2021-11-05 15:03:12,811 - connection.py[line:743] - DEBUG: heartbeat_tick: sending heartbeat for connection 26c297bea44347c99420baa4246e0deb
2021-11-05 15:03:21,202 - connection.py[line:712] - DEBUG: heartbeat_tick : for connection 74f072120f5d4470bc83ae3b90e8effb
2021-11-05 15:03:21,202 - connection.py[line:734] - DEBUG: heartbeat_tick : Prev sent/recv: 12/18, now - 12/18, monotonic - 367802.453, last_heartbeat_sent - 367742.453, heartbeat int. - 60 for connection 74f072120f5d4470bc83ae3b90e8effb
2021-11-05 15:03:22,717 - amqpdriver.py[line:627] - DEBUG: CALL msg_id: 330f12e93cdc483f9ce983af2e370cac exchange 'openstack' topic 'test_topic'
2021-11-05 15:03:22,752 - amqpdriver.py[line:472] - DEBUG: received reply msg_id: 330f12e93cdc483f9ce983af2e370cac
2021-11-05 15:03:22,753 - connection.py[line:712] - DEBUG: heartbeat_tick : for connection 26c297bea44347c99420baa4246e0deb
2021-11-05 15:03:22,753 - connection.py[line:734] - DEBUG: heartbeat_tick : Prev sent/recv: 12/22, now - 14/26, monotonic - 367804.015, last_heartbeat_sent - 367804.015, heartbeat int. - 60 for connection 26c297bea44347c99420baa4246e0deb
2021-11-05 15:03:22,753 - amqpdriver.py[line:627] - DEBUG: CAST unique_id: 99ab1bba381e4953adb1b7c5ce89cf93 exchange 'openstack' topic 'test_topic'
2021-11-05 15:03:22,754 - main.py[line:26] - INFO: client result:
2021-11-05 15:03:22,754 - _internal.py[line:122] - INFO: 127.0.0.1 - - [05/Nov/2021 15:03:22] "GET / HTTP/1.1" 200 -
2021-11-05 15:03:22,754 - connection.py[line:712] - DEBUG: heartbeat_tick : for connection 26c297bea44347c99420baa4246e0deb
2021-11-05 15:03:22,754 - connection.py[line:734] - DEBUG: heartbeat_tick : Prev sent/recv: 14/26, now - 14/26, monotonic - 367804.015, last_heartbeat_sent - 367804.015, heartbeat int. - 60 for connection 26c297bea44347c99420baa4246e0deb
2021-11-05 15:03:22,756 - connection.py[line:712] - DEBUG: heartbeat_tick : for connection 26c297bea44347c99420baa4246e0deb
2021-11-05 15:03:22,756 - connection.py[line:734] - DEBUG: heartbeat_tick : Prev sent/recv: 14/26, now - 14/26, monotonic - 367804.015, last_heartbeat_sent - 367804.015, heartbeat int. - 60 for connection 26c297bea44347c99420baa4246e0deb
2021-11-05 15:03:22,758 - connection.py[line:712] - DEBUG: heartbeat_tick : for connection 26c297bea44347c99420baa4246e0deb
2021-11-05 15:03:22,758 - connection.py[line:734] - DEBUG: heartbeat_tick : Prev sent/recv: 14/26, now - 14/26, monotonic - 367804.015, last_heartbeat_sent - 367804.015, heartbeat int. - 60 for connection 26c297bea44347c99420baa4246e0deb
2021-11-05 15:03:22,759 - connection.py[line:712] - DEBUG: heartbeat_tick : for connection 26c297bea44347c99420baa4246e0deb
2021-11-05 15:03:22,759 - connection.py[line:734] - DEBUG: heartbeat_tick : Prev sent/recv: 14/26, now - 14/26, monotonic - 367804.015, last_heartbeat_sent - 367804.015, heartbeat int. - 60 for connection 26c297bea44347c99420baa4246e0deb
2021-11-05 15:03:22,760 - connection.py[line:712] - DEBUG: heartbeat_tick : for connection 26c297bea44347c99420baa4246e0deb
2021-11-05 15:03:22,760 - connection.py[line:734] - DEBUG: heartbeat_tick : Prev sent/recv: 14/26, now - 14/26, monotonic - 367804.015, last_heartbeat_sent - 367804.015, heartbeat int. - 60 for connection 26c297bea44347c99420baa4246e0deb
2021-11-05 15:03:22,762 - connection.py[line:712] - DEBUG: heartbeat_tick : for connection 26c297bea44347c99420baa4246e0deb
2021-11-05 15:03:22,762 - connection.py[line:734] - DEBUG: heartbeat_tick : Prev sent/recv: 14/26, now - 14/26, monotonic - 367804.015, last_heartbeat_sent - 367804.015, heartbeat int. - 60 for connection 26c297bea44347c99420baa4246e0deb
2021-11-05 15:03:22,763 - connection.py[line:712] - DEBUG: heartbeat_tick : for connection 26c297bea44347c99420baa4246e0deb
2021-11-05 15:03:22,763 - connection.py[line:734] - DEBUG: heartbeat_tick : Prev sent/recv: 14/26, now - 14/26, monotonic - 367804.015, last_heartbeat_sent - 367804.015, heartbeat int. - 60 for connection 26c297bea44347c99420baa4246e0deb
2021-11-05 15:03:22,764 - connection.py[line:712] - DEBUG: heartbeat_tick : for connection 26c297bea44347c99420baa4246e0deb
2021-11-05 15:03:22,764 - connection.py[line:734] - DEBUG: heartbeat_tick : Prev sent/recv: 14/26, now - 14/26, monotonic - 367804.015, last_heartbeat_sent - 367804.015, heartbeat int. - 60 for connection 26c297bea44347c99420baa4246e0deb
2021-11-05 15:03:22,766 - connection.py[line:712] - DEBUG: heartbeat_tick : for connection 26c297bea44347c99420baa4246e0deb
2021-11-05 15:03:22,766 - connection.py[line:734] - DEBUG: heartbeat_tick : Prev sent/recv: 14/26, now - 14/26, monotonic - 367804.015, last_heartbeat_sent - 367804.015, heartbeat int. - 60 for connection 26c297bea44347c99420baa4246e0deb
2021-11-05 15:03:22,767 - connection.py[line:712] - DEBUG: heartbeat_tick : for connection 26c297bea44347c99420baa4246e0deb
2021-11-05 15:03:22,767 - connection.py[line:734] - DEBUG: heartbeat_tick : Prev sent/recv: 14/26, now - 14/26, monotonic - 367804.031, last_heartbeat_sent - 367804.015, heartbeat int. - 60 for connection 26c297bea44347c99420baa4246e0deb
2021-11-05 15:03:23,768 - connection.py[line:712] - DEBUG: heartbeat_tick : for connection 26c297bea44347c99420baa4246e0deb
2021-11-05 15:03:23,768 - connection.py[line:734] - DEBUG: heartbeat_tick : Prev sent/recv: 14/26, now - 14/26, monotonic - 367805.031, last_heartbeat_sent - 367804.015, heartbeat int. - 60 for connection 26c297bea44347c99420baa4246e0deb
2021-11-05 15:03:25,768 - connection.py[line:712] - DEBUG: heartbeat_tick : for connection 26c297bea44347c99420baa4246e0deb
2021-11-05 15:03:25,768 - connection.py[line:734] - DEBUG: heartbeat_tick : Prev sent/recv: 14/26, now - 14/26, monotonic - 367807.031, last_heartbeat_sent - 367804.015, heartbeat int. - 60 for connection 26c297bea44347c99420baa4246e0deb
2021-11-05 15:03:29,768 - connection.py[line:712] - DEBUG: heartbeat_tick : for connection 26c297bea44347c99420baa4246e0deb
2021-11-05 15:03:29,768 - connection.py[line:734] - DEBUG: heartbeat_tick : Prev sent/recv: 14/26, now - 14/26, monotonic - 367811.031, last_heartbeat_sent - 367804.015, heartbeat int. - 60 for connection 26c297bea44347c99420baa4246e0deb
2021-11-05 15:03:36,204 - connection.py[line:712] - DEBUG: heartbeat_tick : for connection 74f072120f5d4470bc83ae3b90e8effb
2021-11-05 15:03:36,204 - connection.py[line:734] - DEBUG: heartbeat_tick : Prev sent/recv: 12/18, now - 14/21, monotonic - 367817.468, last_heartbeat_sent - 367817.468, heartbeat int. - 60 for connection 74f072120f5d4470bc83ae3b90e8effb
2021-11-05 15:03:37,769 - connection.py[line:712] - DEBUG: heartbeat_tick : for connection 26c297bea44347c99420baa4246e0deb
2021-11-05 15:03:37,769 - connection.py[line:734] - DEBUG: heartbeat_tick : Prev sent/recv: 14/26, now - 14/26, monotonic - 367819.031, last_heartbeat_sent - 367804.015, heartbeat int. - 60 for connection 26c297bea44347c99420baa4246e0deb
2021-11-05 15:03:51,206 - connection.py[line:712] - DEBUG: heartbeat_tick : for connection 74f072120f5d4470bc83ae3b90e8effb
2021-11-05 15:03:51,206 - connection.py[line:734] - DEBUG: heartbeat_tick : Prev sent/recv: 14/21, now - 14/21, monotonic - 367832.468, last_heartbeat_sent - 367817.468, heartbeat int. - 60 for connection 74f072120f5d4470bc83ae3b90e8effb
2021-11-05 15:03:52,769 - connection.py[line:712] - DEBUG: heartbeat_tick : for connection 26c297bea44347c99420baa4246e0deb
2021-11-05 15:03:52,770 - connection.py[line:734] - DEBUG: heartbeat_tick : Prev sent/recv: 14/26, now - 14/26, monotonic - 367834.031, last_heartbeat_sent - 367804.015, heartbeat int. - 60 for connection 26c297bea44347c99420baa4246e0deb
2021-11-05 15:03:53,770 - connection.py[line:712] - DEBUG: heartbeat_tick : for connection 26c297bea44347c99420baa4246e0deb
2021-11-05 15:03:53,770 - connection.py[line:734] - DEBUG: heartbeat_tick : Prev sent/recv: 14/26, now - 14/26, monotonic - 367835.031, last_heartbeat_sent - 367804.015, heartbeat int. - 60 for connection 26c297bea44347c99420baa4246e0deb
2021-11-05 15:03:56,718 - amqpdriver.py[line:627] - DEBUG: CALL msg_id: 081318a8e59e46a284f1f91985b7670e exchange 'openstack' topic 'test_topic'
2021-11-05 15:03:56,747 - amqpdriver.py[line:472] - DEBUG: received reply msg_id: 081318a8e59e46a284f1f91985b7670e
2021-11-05 15:03:56,747 - connection.py[line:712] - DEBUG: heartbeat_tick : for connection 26c297bea44347c99420baa4246e0deb
2021-11-05 15:03:56,747 - connection.py[line:734] - DEBUG: heartbeat_tick : Prev sent/recv: 14/26, now - 15/29, monotonic - 367838.0, last_heartbeat_sent - 367838.0, heartbeat int. - 60 for connection 26c297bea44347c99420baa4246e0deb
2021-11-05 15:03:56,747 - amqpdriver.py[line:627] - DEBUG: CAST unique_id: 29079e97f0a14bae9082ac2ed367df8f exchange 'openstack' topic 'test_topic'
2021-11-05 15:03:56,748 - main.py[line:26] - INFO: client result:
2021-11-05 15:03:56,748 - _internal.py[line:122] - INFO: 127.0.0.1 - - [05/Nov/2021 15:03:56] "GET / HTTP/1.1" 200 -
2021-11-05 15:03:56,749 - connection.py[line:712] - DEBUG: heartbeat_tick : for connection 26c297bea44347c99420baa4246e0deb
2021-11-05 15:03:56,749 - connection.py[line:734] - DEBUG: heartbeat_tick : Prev sent/recv: 15/29, now - 15/29, monotonic - 367838.0, last_heartbeat_sent - 367838.0, heartbeat int. - 60 for connection 26c297bea44347c99420baa4246e0deb
2021-11-05 15:03:56,751 - connection.py[line:712] - DEBUG: heartbeat_tick : for connection 26c297bea44347c99420baa4246e0deb
2021-11-05 15:03:56,751 - connection.py[line:734] - DEBUG: heartbeat_tick : Prev sent/recv: 15/29, now - 15/29, monotonic - 367838.015, last_heartbeat_sent - 367838.0, heartbeat int. - 60 for connection 26c297bea44347c99420baa4246e0deb
2021-11-05 15:03:57,751 - connection.py[line:712] - DEBUG: heartbeat_tick : for connection 26c297bea44347c99420baa4246e0deb
2021-11-05 15:03:57,751 - connection.py[line:734] - DEBUG: heartbeat_tick : Prev sent/recv: 15/29, now - 15/29, monotonic - 367839.015, last_heartbeat_sent - 367838.0, heartbeat int. - 60 for connection 26c297bea44347c99420baa4246e0deb
2021-11-05 15:03:59,752 - connection.py[line:712] - DEBUG: heartbeat_tick : for connection 26c297bea44347c99420baa4246e0deb
2021-11-05 15:03:59,752 - connection.py[line:734] - DEBUG: heartbeat_tick : Prev sent/recv: 15/29, now - 15/29, monotonic - 367841.015, last_heartbeat_sent - 367838.0, heartbeat int. - 60 for connection 26c297bea44347c99420baa4246e0deb
2021-11-05 15:04:03,753 - connection.py[line:712] - DEBUG: heartbeat_tick : for connection 26c297bea44347c99420baa4246e0deb
2021-11-05 15:04:03,753 - connection.py[line:734] - DEBUG: heartbeat_tick : Prev sent/recv: 15/29, now - 15/29, monotonic - 367845.015, last_heartbeat_sent - 367838.0, heartbeat int. - 60 for connection 26c297bea44347c99420baa4246e0deb
2021-11-05 15:04:06,208 - connection.py[line:712] - DEBUG: heartbeat_tick : for connection 74f072120f5d4470bc83ae3b90e8effb
2021-11-05 15:04:06,208 - connection.py[line:734] - DEBUG: heartbeat_tick : Prev sent/recv: 14/21, now - 16/23, monotonic - 367847.468, last_heartbeat_sent - 367847.468, heartbeat int. - 60 for connection 74f072120f5d4470bc83ae3b90e8effb
2021-11-05 15:04:11,753 - connection.py[line:712] - DEBUG: heartbeat_tick : for connection 26c297bea44347c99420baa4246e0deb
2021-11-05 15:04:11,753 - connection.py[line:734] - DEBUG: heartbeat_tick : Prev sent/recv: 15/29, now - 15/29, monotonic - 367853.015, last_heartbeat_sent - 367838.0, heartbeat int. - 60 for connection 26c297bea44347c99420baa4246e0deb
2021-11-05 15:04:21,210 - connection.py[line:712] - DEBUG: heartbeat_tick : for connection 74f072120f5d4470bc83ae3b90e8effb
2021-11-05 15:04:21,210 - connection.py[line:734] - DEBUG: heartbeat_tick : Prev sent/recv: 16/23, now - 16/23, monotonic - 367862.468, last_heartbeat_sent - 367847.468, heartbeat int. - 60 for connection 74f072120f5d4470bc83ae3b90e8effb
2021-11-05 15:04:26,754 - connection.py[line:712] - DEBUG: heartbeat_tick : for connection 26c297bea44347c99420baa4246e0deb
2021-11-05 15:04:26,754 - connection.py[line:734] - DEBUG: heartbeat_tick : Prev sent/recv: 15/29, now - 15/29, monotonic - 367868.015, last_heartbeat_sent - 367838.0, heartbeat int. - 60 for connection 26c297bea44347c99420baa4246e0deb
2021-11-05 15:04:27,754 - connection.py[line:712] - DEBUG: heartbeat_tick : for connection 26c297bea44347c99420baa4246e0deb
2021-11-05 15:04:27,754 - connection.py[line:734] - DEBUG: heartbeat_tick : Prev sent/recv: 15/29, now - 15/29, monotonic - 367869.015, last_heartbeat_sent - 367838.0, heartbeat int. - 60 for connection 26c297bea44347c99420baa4246e0deb
2021-11-05 15:04:36,212 - connection.py[line:712] - DEBUG: heartbeat_tick : for connection 74f072120f5d4470bc83ae3b90e8effb
2021-11-05 15:04:36,212 - connection.py[line:734] - DEBUG: heartbeat_tick : Prev sent/recv: 16/23, now - 16/23, monotonic - 367877.468, last_heartbeat_sent - 367847.468, heartbeat int. - 60 for connection 74f072120f5d4470bc83ae3b90e8effb
2021-11-05 15:04:42,754 - connection.py[line:712] - DEBUG: heartbeat_tick : for connection 26c297bea44347c99420baa4246e0deb
2021-11-05 15:04:42,754 - connection.py[line:734] - DEBUG: heartbeat_tick : Prev sent/recv: 15/29, now - 15/29, monotonic - 367884.015, last_heartbeat_sent - 367838.0, heartbeat int. - 60 for connection 26c297bea44347c99420baa4246e0deb
